0 info it worked if it ends with ok
1 verbose cli [ '/Users/rominavarela/.nvm/versions/node/v0.12.8/bin/node',
1 verbose cli   '/Users/rominavarela/.nvm/versions/node/v0.12.8/bin/npm',
1 verbose cli   'run',
1 verbose cli   'server' ]
2 info using npm@2.14.9
3 info using node@v0.12.8
4 verbose run-script [ 'preserver', 'server', 'postserver' ]
5 info preserver urls@0.0.0
6 info server urls@0.0.0
7 verbose unsafe-perm in lifecycle true
8 info urls@0.0.0 Failed to exec server script
9 verbose stack Error: urls@0.0.0 server: `node --harmony ./server.js`
9 verbose stack Exit status 1
9 verbose stack     at EventEmitter.<anonymous> (/Users/rominavarela/.nvm/versions/node/v0.12.8/lib/node_modules/npm/lib/utils/lifecycle.js:214:16)
9 verbose stack     at EventEmitter.emit (events.js:110:17)
9 verbose stack     at ChildProcess.<anonymous> (/Users/rominavarela/.nvm/versions/node/v0.12.8/lib/node_modules/npm/lib/utils/spawn.js:24:14)
9 verbose stack     at ChildProcess.emit (events.js:110:17)
9 verbose stack     at maybeClose (child_process.js:1016:16)
9 verbose stack     at Process.ChildProcess._handle.onexit (child_process.js:1088:5)
10 verbose pkgid urls@0.0.0
11 verbose cwd /Users/rominavarela/workspace/stack/koa
12 error Darwin 15.6.0
13 error argv "/Users/rominavarela/.nvm/versions/node/v0.12.8/bin/node" "/Users/rominavarela/.nvm/versions/node/v0.12.8/bin/npm" "run" "server"
14 error node v0.12.8
15 error npm  v2.14.9
16 error code ELIFECYCLE
17 error urls@0.0.0 server: `node --harmony ./server.js`
17 error Exit status 1
18 error Failed at the urls@0.0.0 server script 'node --harmony ./server.js'.
18 error This is most likely a problem with the urls package,
18 error not with npm itself.
18 error Tell the author that this fails on your system:
18 error     node --harmony ./server.js
18 error You can get their info via:
18 error     npm owner ls urls
18 error There is likely additional logging output above.
19 verbose exit [ 1, true ]
